# JRE version: OpenJDK Runtime Environment (8.0_152-b06) (build 1.8.0_152-release-1136-b06)
# Java VM: OpenJDK 64-Bit Server VM (25.152-b06 mixed mode windows-amd64 compressed oops)
Heap:
 PSYoungGen      total 482304K, used 145778K [0x00000000e0000000, 0x00000000ffc80000, 0x0000000100000000)
  eden space 448000K, 27% used [0x00000000e0000000,0x00000000e79a01e0,0x00000000fb580000)
  from space 34304K, 61% used [0x00000000fdb00000,0x00000000fefbc798,0x00000000ffc80000)
  to   space 36352K, 0% used [0x00000000fb580000,0x00000000fb580000,0x00000000fd900000)
 ParOldGen       total 117248K, used 72211K [0x00000000a0000000, 0x00000000a7280000, 0x00000000e0000000)
  object space 117248K, 61% used [0x00000000a0000000,0x00000000a4684f00,0x00000000a7280000)
 Metaspace       used 97757K, capacity 102454K, committed 102744K, reserved 1138688K
  class space    used 12189K, capacity 13145K, committed 13184K, reserved 1048576K
GC Heap History (10 events):
Event: 730.340 GC heap before
{Heap before GC invocations=32 (full 4):
 PSYoungGen      total 479744K, used 479348K [0x00000000e0000000, 0x0000000100000000, 0x0000000100000000)
  eden space 450048K, 99% used [0x00000000e0000000,0x00000000fb779b50,0x00000000fb780000)
  from space 29696K, 98% used [0x00000000fb780000,0x00000000fd423860,0x00000000fd480000)
  to   space 39424K, 0% used [0x00000000fd980000,0x00000000fd980000,0x0000000100000000)
 ParOldGen       total 117248K, used 72171K [0x00000000a0000000, 0x00000000a7280000, 0x00000000e0000000)
  object space 117248K, 61% used [0x00000000a0000000,0x00000000a467af00,0x00000000a7280000)
 Metaspace       used 94495K, capacity 98580K, committed 98776K, reserved 1134592K
  class space    used 11907K, capacity 12736K, committed 12800K, reserved 1048576K
Event: 730.371 GC heap after
Heap after GC invocations=32 (full 4):
 PSYoungGen      total 484864K, used 23203K [0x00000000e0000000, 0x0000000100000000, 0x0000000100000000)
  eden space 445440K, 0% used [0x00000000e0000000,0x00000000e0000000,0x00000000fb300000)
  from space 39424K, 58% used [0x00000000fd980000,0x00000000ff028fc0,0x0000000100000000)
  to   space 39424K, 0% used [0x00000000fb300000,0x00000000fb300000,0x00000000fd980000)
 ParOldGen       total 117248K, used 72179K [0x00000000a0000000, 0x00000000a7280000, 0x00000000e0000000)
  object space 117248K, 61% used [0x00000000a0000000,0x00000000a467cf00,0x00000000a7280000)
 Metaspace       used 94495K, capacity 98580K, committed 98776K, reserved 1134592K
  class space    used 11907K, capacity 12736K, committed 12800K, reserved 1048576K
}
Event: 1627.853 GC heap before
{Heap before GC invocations=33 (full 4):
 PSYoungGen      total 484864K, used 468643K [0x00000000e0000000, 0x0000000100000000, 0x0000000100000000)
  eden space 445440K, 100% used [0x00000000e0000000,0x00000000fb300000,0x00000000fb300000)
  from space 39424K, 58% used [0x00000000fd980000,0x00000000ff028fc0,0x0000000100000000)
  to   space 39424K, 0% used [0x00000000fb300000,0x00000000fb300000,0x00000000fd980000)
 ParOldGen       total 117248K, used 72179K [0x00000000a0000000, 0x00000000a7280000, 0x00000000e0000000)
  object space 117248K, 61% used [0x00000000a0000000,0x00000000a467cf00,0x00000000a7280000)
 Metaspace       used 96650K, capacity 100916K, committed 101080K, reserved 1136640K
  class space    used 12126K, capacity 13032K, committed 13056K, reserved 1048576K
Event: 1628.076 GC heap after
Heap after GC invocations=33 (full 4):
 PSYoungGen      total 484864K, used 24764K [0x00000000e0000000, 0x0000000100000000, 0x0000000100000000)
  eden space 445440K, 0% used [0x00000000e0000000,0x00000000e0000000,0x00000000fb300000)
  from space 39424K, 62% used [0x00000000fb300000,0x00000000fcb2f090,0x00000000fd980000)
  to   space 39424K, 0% used [0x00000000fd980000,0x00000000fd980000,0x0000000100000000)
 ParOldGen       total 117248K, used 72187K [0x00000000a0000000, 0x00000000a7280000, 0x00000000e0000000)
  object space 117248K, 61% used [0x00000000a0000000,0x00000000a467ef00,0x00000000a7280000)
 Metaspace       used 96650K, capacity 100916K, committed 101080K, reserved 1136640K
  class space    used 12126K, capacity 13032K, committed 13056K, reserved 1048576K
}
Event: 1647.208 GC heap before
{Heap before GC invocations=34 (full 4):
 PSYoungGen      total 484864K, used 469968K [0x00000000e0000000, 0x0000000100000000, 0x0000000100000000)
  eden space 445440K, 99% used [0x00000000e0000000,0x00000000fb2c5068,0x00000000fb300000)
  from space 39424K, 62% used [0x00000000fb300000,0x00000000fcb2f090,0x00000000fd980000)
  to   space 39424K, 0% used [0x00000000fd980000,0x00000000fd980000,0x0000000100000000)
 ParOldGen       total 117248K, used 72187K [0x00000000a0000000, 0x00000000a7280000, 0x00000000e0000000)
  object space 117248K, 61% used [0x00000000a0000000,0x00000000a467ef00,0x00000000a7280000)
 Metaspace       used 97179K, capacity 101714K, committed 101976K, reserved 1138688K
  class space    used 12151K, capacity 13103K, committed 13184K, reserved 1048576K
Event: 1647.279 GC heap after
Heap after GC invocations=34 (full 4):
 PSYoungGen      total 482816K, used 21835K [0x00000000e0000000, 0x00000000ffe00000, 0x0000000100000000)
  eden space 445440K, 0% used [0x00000000e0000000,0x00000000e0000000,0x00000000fb300000)
  from space 37376K, 58% used [0x00000000fd980000,0x00000000feed2c68,0x00000000ffe00000)
  to   space 38400K, 0% used [0x00000000fb300000,0x00000000fb300000,0x00000000fd880000)
 ParOldGen       total 117248K, used 72195K [0x00000000a0000000, 0x00000000a7280000, 0x00000000e0000000)
  object space 117248K, 61% used [0x00000000a0000000,0x00000000a4680f00,0x00000000a7280000)
 Metaspace       used 97179K, capacity 101714K, committed 101976K, reserved 1138688K
  class space    used 12151K, capacity 13103K, committed 13184K, reserved 1048576K
}
Event: 1652.627 GC heap before
{Heap before GC invocations=35 (full 4):
 PSYoungGen      total 482816K, used 467263K [0x00000000e0000000, 0x00000000ffe00000, 0x0000000100000000)
  eden space 445440K, 99% used [0x00000000e0000000,0x00000000fb2fd078,0x00000000fb300000)
  from space 37376K, 58% used [0x00000000fd980000,0x00000000feed2c68,0x00000000ffe00000)
  to   space 38400K, 0% used [0x00000000fb300000,0x00000000fb300000,0x00000000fd880000)
 ParOldGen       total 117248K, used 72195K [0x00000000a0000000, 0x00000000a7280000, 0x00000000e0000000)
  object space 117248K, 61% used [0x00000000a0000000,0x00000000a4680f00,0x00000000a7280000)
 Metaspace       used 97377K, capacity 102022K, committed 102232K, reserved 1138688K
  class space    used 12159K, capacity 13113K, committed 13184K, reserved 1048576K
Event: 1652.668 GC heap after
Heap after GC invocations=35 (full 4):
 PSYoungGen      total 483840K, used 23190K [0x00000000e0000000, 0x0000000100000000, 0x0000000100000000)
  eden space 445440K, 0% used [0x00000000e0000000,0x00000000e0000000,0x00000000fb300000)
  from space 38400K, 60% used [0x00000000fb300000,0x00000000fc9a5b40,0x00000000fd880000)
  to   space 37888K, 0% used [0x00000000fdb00000,0x00000000fdb00000,0x0000000100000000)
 ParOldGen       total 117248K, used 72203K [0x00000000a0000000, 0x00000000a7280000, 0x00000000e0000000)
  object space 117248K, 61% used [0x00000000a0000000,0x00000000a4682f00,0x00000000a7280000)
 Metaspace       used 97377K, capacity 102022K, committed 102232K, reserved 1138688K
  class space    used 12159K, capacity 13113K, committed 13184K, reserved 1048576K
}
Event: 1754.651 GC heap before
{Heap before GC invocations=36 (full 4):
 PSYoungGen      total 483840K, used 468630K [0x00000000e0000000, 0x0000000100000000, 0x0000000100000000)
  eden space 445440K, 100% used [0x00000000e0000000,0x00000000fb300000,0x00000000fb300000)
  from space 38400K, 60% used [0x00000000fb300000,0x00000000fc9a5b40,0x00000000fd880000)
  to   space 37888K, 0% used [0x00000000fdb00000,0x00000000fdb00000,0x0000000100000000)
 ParOldGen       total 117248K, used 72203K [0x00000000a0000000, 0x00000000a7280000, 0x00000000e0000000)
  object space 117248K, 61% used [0x00000000a0000000,0x00000000a4682f00,0x00000000a7280000)
 Metaspace       used 97482K, capacity 102098K, committed 102232K, reserved 1138688K
  class space    used 12161K, capacity 13115K, committed 13184K, reserved 1048576K
Event: 1754.688 GC heap after
Heap after GC invocations=36 (full 4):
 PSYoungGen      total 482304K, used 21233K [0x00000000e0000000, 0x00000000ffc80000, 0x0000000100000000)
  eden space 448000K, 0% used [0x00000000e0000000,0x00000000e0000000,0x00000000fb580000)
  from space 34304K, 61% used [0x00000000fdb00000,0x00000000fefbc798,0x00000000ffc80000)
  to   space 36352K, 0% used [0x00000000fb580000,0x00000000fb580000,0x00000000fd900000)
 ParOldGen       total 117248K, used 72211K [0x00000000a0000000, 0x00000000a7280000, 0x00000000e0000000)
  object space 117248K, 61% used [0x00000000a0000000,0x00000000a4684f00,0x00000000a7280000)
 Metaspace       used 97482K, capacity 102098K, committed 102232K, reserved 1138688K
  class space    used 12161K, capacity 13115K, committed 13184K, reserved 1048576K
}

